<?xml version="1.0" encoding="UTF-8"?>
<!-- Generated by org.testng.reporters.JUnitXMLReporter -->
<testsuite ignored="0" hostname="vamshi" failures="0" tests="4" name="Test" time="118.775" errors="0" timestamp="2023-03-16T10:18:53 IST">
  <testcase classname="org.vtiger.products.ProductsTest" name="CreateProductTest" time="30.116"/>
  <testcase classname="org.vtiger.organizations.OrganizationTest" name="CreateOrganizationTest" time="13.052"/>
  <testcase classname="org.vtiger.campaigns.CampaignsTest" name="CreateCampaignTest" time="10.213"/>
  <testcase classname="org.vtiger.contacts.ContactsTest" name="CreateContactTest" time="13.471"/>
</testsuite> <!-- Test -->
